# JRE version: Java(TM) SE Runtime Environment (8.0_301-b09) (build 1.8.0_301-b09)
# Java VM: Java HotSpot(TM) 64-Bit Server VM (25.301-b09 mixed mode windows-amd64 compressed oops)
Heap:
 PSYoungGen      total 1576448K, used 1104496K [0x0000000755580000, 0x00000007c0000000, 0x00000007c0000000)
  eden space 1408512K, 73% used [0x0000000755580000,0x00000007944a0168,0x00000007ab500000)
  from space 167936K, 43% used [0x00000007ab500000,0x00000007afc7c160,0x00000007b5900000)
  to   space 164352K, 0% used [0x00000007b5f80000,0x00000007b5f80000,0x00000007c0000000)
 ParOldGen       total 3495424K, used 2882273K [0x0000000680000000, 0x0000000755580000, 0x0000000755580000)
  object space 3495424K, 82% used [0x0000000680000000,0x000000072feb8750,0x0000000755580000)
 Metaspace       used 151691K, capacity 175354K, committed 175508K, reserved 1193984K
  class space    used 25585K, capacity 31596K, committed 31636K, reserved 1048576K
GC Heap History (10 events):
Event: 1569.419 GC heap before
{Heap before GC invocations=645 (full 7):
 PSYoungGen      total 1571328K, used 1467312K [0x0000000755580000, 0x00000007c0000000, 0x00000007c0000000)
  eden space 1397248K, 100% used [0x0000000755580000,0x00000007aaa00000,0x00000007aaa00000)
  from space 174080K, 40% used [0x00000007b5600000,0x00000007b9a6c240,0x00000007c0000000)
  to   space 175104K, 0% used [0x00000007aaa00000,0x00000007aaa00000,0x00000007b5500000)
 ParOldGen       total 3495424K, used 2845757K [0x0000000680000000, 0x0000000755580000, 0x0000000755580000)
  object space 3495424K, 81% used [0x0000000680000000,0x000000072db0f578,0x0000000755580000)
 Metaspace       used 151688K, capacity 175354K, committed 175508K, reserved 1193984K
  class space    used 25585K, capacity 31596K, committed 31636K, reserved 1048576K
Event: 1569.438 GC heap after
Heap after GC invocations=645 (full 7):
 PSYoungGen      total 1572352K, used 70528K [0x0000000755580000, 0x00000007c0000000, 0x00000007c0000000)
  eden space 1397248K, 0% used [0x0000000755580000,0x0000000755580000,0x00000007aaa00000)
  from space 175104K, 40% used [0x00000007aaa00000,0x00000007aeee0208,0x00000007b5500000)
  to   space 174592K, 0% used [0x00000007b5580000,0x00000007b5580000,0x00000007c0000000)
 ParOldGen       total 3495424K, used 2855922K [0x0000000680000000, 0x0000000755580000, 0x0000000755580000)
  object space 3495424K, 81% used [0x0000000680000000,0x000000072e4fcab8,0x0000000755580000)
 Metaspace       used 151688K, capacity 175354K, committed 175508K, reserved 1193984K
  class space    used 25585K, capacity 31596K, committed 31636K, reserved 1048576K
}
Event: 1571.350 GC heap before
{Heap before GC invocations=646 (full 7):
 PSYoungGen      total 1572352K, used 1467706K [0x0000000755580000, 0x00000007c0000000, 0x00000007c0000000)
  eden space 1397248K, 99% used [0x0000000755580000,0x00000007aa9ee700,0x00000007aaa00000)
  from space 175104K, 40% used [0x00000007aaa00000,0x00000007aeee0208,0x00000007b5500000)
  to   space 174592K, 0% used [0x00000007b5580000,0x00000007b5580000,0x00000007c0000000)
 ParOldGen       total 3495424K, used 2855922K [0x0000000680000000, 0x0000000755580000, 0x0000000755580000)
  object space 3495424K, 81% used [0x0000000680000000,0x000000072e4fcab8,0x0000000755580000)
 Metaspace       used 151688K, capacity 175354K, committed 175508K, reserved 1193984K
  class space    used 25585K, capacity 31596K, committed 31636K, reserved 1048576K
Event: 1571.367 GC heap after
Heap after GC invocations=646 (full 7):
 PSYoungGen      total 1574912K, used 75040K [0x0000000755580000, 0x00000007c0000000, 0x00000007c0000000)
  eden space 1400320K, 0% used [0x0000000755580000,0x0000000755580000,0x00000007aad00000)
  from space 174592K, 42% used [0x00000007b5580000,0x00000007b9ec8160,0x00000007c0000000)
  to   space 172544K, 0% used [0x00000007aad00000,0x00000007aad00000,0x00000007b5580000)
 ParOldGen       total 3495424K, used 2858935K [0x0000000680000000, 0x0000000755580000, 0x0000000755580000)
  object space 3495424K, 81% used [0x0000000680000000,0x000000072e7edcd0,0x0000000755580000)
 Metaspace       used 151688K, capacity 175354K, committed 175508K, reserved 1193984K
  class space    used 25585K, capacity 31596K, committed 31636K, reserved 1048576K
}
Event: 1572.768 GC heap before
{Heap before GC invocations=647 (full 7):
 PSYoungGen      total 1574912K, used 1474947K [0x0000000755580000, 0x00000007c0000000, 0x00000007c0000000)
  eden space 1400320K, 99% used [0x0000000755580000,0x00000007aac98d90,0x00000007aad00000)
  from space 174592K, 42% used [0x00000007b5580000,0x00000007b9ec8160,0x00000007c0000000)
  to   space 172544K, 0% used [0x00000007aad00000,0x00000007aad00000,0x00000007b5580000)
 ParOldGen       total 3495424K, used 2858935K [0x0000000680000000, 0x0000000755580000, 0x0000000755580000)
  object space 3495424K, 81% used [0x0000000680000000,0x000000072e7edcd0,0x0000000755580000)
 Metaspace       used 151688K, capacity 175354K, committed 175508K, reserved 1193984K
  class space    used 25585K, capacity 31596K, committed 31636K, reserved 1048576K
Event: 1572.786 GC heap after
Heap after GC invocations=647 (full 7):
 PSYoungGen      total 1572864K, used 70400K [0x0000000755580000, 0x00000007c0000000, 0x00000007c0000000)
  eden space 1400320K, 0% used [0x0000000755580000,0x0000000755580000,0x00000007aad00000)
  from space 172544K, 40% used [0x00000007aad00000,0x00000007af1c0148,0x00000007b5580000)
  to   space 171008K, 0% used [0x00000007b5900000,0x00000007b5900000,0x00000007c0000000)
 ParOldGen       total 3495424K, used 2867865K [0x0000000680000000, 0x0000000755580000, 0x0000000755580000)
  object space 3495424K, 82% used [0x0000000680000000,0x000000072f0a65e0,0x0000000755580000)
 Metaspace       used 151688K, capacity 175354K, committed 175508K, reserved 1193984K
  class space    used 25585K, capacity 31596K, committed 31636K, reserved 1048576K
}
Event: 1574.428 GC heap before
{Heap before GC invocations=648 (full 7):
 PSYoungGen      total 1572864K, used 1470720K [0x0000000755580000, 0x00000007c0000000, 0x00000007c0000000)
  eden space 1400320K, 100% used [0x0000000755580000,0x00000007aad00000,0x00000007aad00000)
  from space 172544K, 40% used [0x00000007aad00000,0x00000007af1c0148,0x00000007b5580000)
  to   space 171008K, 0% used [0x00000007b5900000,0x00000007b5900000,0x00000007c0000000)
 ParOldGen       total 3495424K, used 2867865K [0x0000000680000000, 0x0000000755580000, 0x0000000755580000)
  object space 3495424K, 82% used [0x0000000680000000,0x000000072f0a65e0,0x0000000755580000)
 Metaspace       used 151688K, capacity 175354K, committed 175508K, reserved 1193984K
  class space    used 25585K, capacity 31596K, committed 31636K, reserved 1048576K
Event: 1574.447 GC heap after
Heap after GC invocations=648 (full 7):
 PSYoungGen      total 1579520K, used 72688K [0x0000000755580000, 0x00000007c0000000, 0x00000007c0000000)
  eden space 1408512K, 0% used [0x0000000755580000,0x0000000755580000,0x00000007ab500000)
  from space 171008K, 42% used [0x00000007b5900000,0x00000007b9ffc168,0x00000007c0000000)
  to   space 167936K, 0% used [0x00000007ab500000,0x00000007ab500000,0x00000007b5900000)
 ParOldGen       total 3495424K, used 2875279K [0x0000000680000000, 0x0000000755580000, 0x0000000755580000)
  object space 3495424K, 82% used [0x0000000680000000,0x000000072f7e3df0,0x0000000755580000)
 Metaspace       used 151688K, capacity 175354K, committed 175508K, reserved 1193984K
  class space    used 25585K, capacity 31596K, committed 31636K, reserved 1048576K
}
Event: 1576.534 GC heap before
{Heap before GC invocations=649 (full 7):
 PSYoungGen      total 1579520K, used 1479172K [0x0000000755580000, 0x00000007c0000000, 0x00000007c0000000)
  eden space 1408512K, 99% used [0x0000000755580000,0x00000007ab305010,0x00000007ab500000)
  from space 171008K, 42% used [0x00000007b5900000,0x00000007b9ffc168,0x00000007c0000000)
  to   space 167936K, 0% used [0x00000007ab500000,0x00000007ab500000,0x00000007b5900000)
 ParOldGen       total 3495424K, used 2875279K [0x0000000680000000, 0x0000000755580000, 0x0000000755580000)
  object space 3495424K, 82% used [0x0000000680000000,0x000000072f7e3df0,0x0000000755580000)
 Metaspace       used 151689K, capacity 175354K, committed 175508K, reserved 1193984K
  class space    used 25585K, capacity 31596K, committed 31636K, reserved 1048576K
Event: 1576.551 GC heap after
Heap after GC invocations=649 (full 7):
 PSYoungGen      total 1576448K, used 73200K [0x0000000755580000, 0x00000007c0000000, 0x00000007c0000000)
  eden space 1408512K, 0% used [0x0000000755580000,0x0000000755580000,0x00000007ab500000)
  from space 167936K, 43% used [0x00000007ab500000,0x00000007afc7c160,0x00000007b5900000)
  to   space 164352K, 0% used [0x00000007b5f80000,0x00000007b5f80000,0x00000007c0000000)
 ParOldGen       total 3495424K, used 2882273K [0x0000000680000000, 0x0000000755580000, 0x0000000755580000)
  object space 3495424K, 82% used [0x0000000680000000,0x000000072feb8750,0x0000000755580000)
 Metaspace       used 151689K, capacity 175354K, committed 175508K, reserved 1193984K
  class space    used 25585K, capacity 31596K, committed 31636K, reserved 1048576K
}

